Traceback (most recent call last):
  File "c:\users\pj\anaconda3\envs\flowing\lib\site-packages\jupyter_cache\executors\utils.py", line 51, in single_nb_execution
    executenb(
  File "c:\users\pj\anaconda3\envs\flowing\lib\site-packages\nbclient\client.py", line 1093, in execute
    return NotebookClient(nb=nb, resources=resources, km=km, **kwargs).execute()
  File "c:\users\pj\anaconda3\envs\flowing\lib\site-packages\nbclient\util.py", line 84, in wrapped
    return just_run(coro(*args, **kwargs))
  File "c:\users\pj\anaconda3\envs\flowing\lib\site-packages\nbclient\util.py", line 62, in just_run
    return loop.run_until_complete(coro)
  File "c:\users\pj\anaconda3\envs\flowing\lib\asyncio\base_events.py", line 616, in run_until_complete
    return future.result()
  File "c:\users\pj\anaconda3\envs\flowing\lib\site-packages\nbclient\client.py", line 559, in async_execute
    await self.async_execute_cell(
  File "c:\users\pj\anaconda3\envs\flowing\lib\site-packages\nbclient\client.py", line 854, in async_execute_cell
    self._check_raise_for_error(cell, exec_reply)
  File "c:\users\pj\anaconda3\envs\flowing\lib\site-packages\nbclient\client.py", line 756, in _check_raise_for_error
    raise CellExecutionError.from_cell_and_msg(cell, exec_reply_content)
nbclient.exceptions.CellExecutionError: An error occurred while executing the following cell:
------------------
demand_vector = paminco.net.demand.demand_vector(
    graph.shared,  # each network element must know about shared data ...
    ("A", "D", 10)  # send 10 units from A to D
)
demand_vector.map_node_label_to_id()
------------------

[1;31m---------------------------------------------------------------------------[0m
[1;31mTypeError[0m                                 Traceback (most recent call last)
[1;32m~\AppData\Local\Temp/ipykernel_21848/2378728165.py[0m in [0;36m<module>[1;34m[0m
[1;32m----> 1[1;33m demand_vector = paminco.net.demand.demand_vector(
[0m[0;32m      2[0m     [0mgraph[0m[1;33m.[0m[0mshared[0m[1;33m,[0m  [1;31m# each network element must know about shared data ...[0m[1;33m[0m[1;33m[0m[0m
[0;32m      3[0m     [1;33m([0m[1;34m"A"[0m[1;33m,[0m [1;34m"D"[0m[1;33m,[0m [1;36m10[0m[1;33m)[0m  [1;31m# send 10 units from A to D[0m[1;33m[0m[1;33m[0m[0m
[0;32m      4[0m )
[0;32m      5[0m [0mdemand_vector[0m[1;33m.[0m[0mmap_node_label_to_id[0m[1;33m([0m[1;33m)[0m[1;33m[0m[1;33m[0m[0m

[1;32m~\git\paminco\paminco\net\demand.py[0m in [0;36mdemand_vector[1;34m(data, shared, dtype_int, dtype_float, single_pairs, **kwargs)[0m
[0;32m   1693[0m             )
[0;32m   1694[0m         [1;32melse[0m[1;33m:[0m[1;33m[0m[1;33m[0m[0m
[1;32m-> 1695[1;33m             return DemandVector(
[0m[0;32m   1696[0m                 [0mdata[0m[1;33m,[0m[1;33m[0m[1;33m[0m[0m
[0;32m   1697[0m                 [0mshared[0m[1;33m=[0m[0mshared[0m[1;33m,[0m[1;33m[0m[1;33m[0m[0m

[1;32m~\git\paminco\paminco\net\demand.py[0m in [0;36m__init__[1;34m(self, data, shared, dtype_int, dtype_float, copy, is_label)[0m
[0;32m    965[0m                 [0mself[0m[1;33m.[0m[0m_comm[0m[1;33m.[0m[0mappend[0m[1;33m([0m[0mCommodityMultiSourceSink[0m[1;33m([0m[0md[0m[1;33m,[0m [0mis_label[0m[1;33m=[0m[1;32mFalse[0m[1;33m)[0m[1;33m)[0m[1;33m[0m[1;33m[0m[0m
[0;32m    966[0m         [1;32melse[0m[1;33m:[0m[1;33m[0m[1;33m[0m[0m
[1;32m--> 967[1;33m             [0mself[0m[1;33m.[0m[0m_comm[0m [1;33m=[0m [1;33m[[0m[0mCommodity[0m[1;33m.[0m[0mfrom_data[0m[1;33m([0m[0mc[0m[1;33m,[0m [0mis_label[0m[1;33m=[0m[0mis_label[0m[1;33m)[0m [1;32mfor[0m [0mc[0m [1;32min[0m [0mdata[0m[1;33m][0m[1;33m[0m[1;33m[0m[0m
[0m[0;32m    968[0m             [0mself[0m[1;33m.[0m[0m_comm[0m [1;33m=[0m [1;33m[[0m[0mc[0m [1;32mfor[0m [0mc[0m [1;32min[0m [0mself[0m[1;33m.[0m[0m_comm[0m [1;32mif[0m [0mc[0m [1;32mis[0m [1;32mnot[0m [1;32mNone[0m[1;33m][0m[1;33m[0m[1;33m[0m[0m
[0;32m    969[0m [1;33m[0m[0m

[1;31mTypeError[0m: 'Shared' object is not iterable
TypeError: 'Shared' object is not iterable

