This is pdfTeX, Version 3.141592653-2.6-1.40.23 (MiKTeX 21.10) (preloaded format=pdflatex 2021.10.25)  18 NOV 2021 17:56
entering extended mode
**./fig3b_induced_flow.tex
(fig3b_induced_flow.tex
LaTeX2e <2021-06-01> patch level 1
L3 programming layer <2021-10-12> (preamble.tex
(C:\Users\PJ\AppData\Local\Programs\MiKTeX 2.9\tex/latex/standalone\standalone.
cls
Document Class: standalone 2018/03/26 v1.3a Class to compile TeX sub-files stan
dalone
(C:\Users\PJ\AppData\Local\Programs\MiKTeX 2.9\tex/latex/tools\shellesc.sty
Package: shellesc 2019/11/08 v1.0c unified shell escape interface for LaTeX
Package shellesc Info: Unrestricted shell escape enabled on input line 75.
)
(C:\Users\PJ\AppData\Local\Programs\MiKTeX 2.9\tex/generic/iftex\ifluatex.sty
Package: ifluatex 2019/10/25 v1.5 ifluatex legacy package. Use iftex instead.

(C:\Users\PJ\AppData\Local\Programs\MiKTeX 2.9\tex/generic/iftex\iftex.sty
Package: iftex 2020/03/06 v1.0d TeX engine tests
))
(C:\Users\PJ\AppData\Local\Programs\MiKTeX 2.9\tex/latex/xkeyval\xkeyval.sty
Package: xkeyval 2020/11/20 v2.8 package option processing (HA)

(C:\Users\PJ\AppData\Local\Programs\MiKTeX 2.9\tex/generic/xkeyval\xkeyval.tex
(C:\Users\PJ\AppData\Local\Programs\MiKTeX 2.9\tex/generic/xkeyval\xkvutils.tex
\XKV@toks=\toks16
\XKV@tempa@toks=\toks17
(C:\Users\PJ\AppData\Local\Programs\MiKTeX 2.9\tex/generic/xkeyval\keyval.tex))
\XKV@depth=\count182
File: xkeyval.tex 2014/12/03 v2.7a key=value parser (HA)
))
\sa@internal=\count183
\c@sapage=\count184

(C:\Users\PJ\AppData\Local\Programs\MiKTeX 2.9\tex/latex/standalone\standalone.
cfg
File: standalone.cfg 2018/03/26 v1.3a Default configuration file for 'standalon
e' class
) (C:\Users\PJ\AppData\Local\Programs\MiKTeX 2.9\tex/latex/base\article.cls
Document Class: article 2021/02/12 v1.4n Standard LaTeX document class
(C:\Users\PJ\AppData\Local\Programs\MiKTeX 2.9\tex/latex/base\size10.clo
File: size10.clo 2021/02/12 v1.4n Standard LaTeX file (size option)
)
\c@part=\count185
\c@section=\count186
\c@subsection=\count187
\c@subsubsection=\count188
\c@paragraph=\count189
\c@subparagraph=\count190
\c@figure=\count191
\c@table=\count192
\abovecaptionskip=\skip47
\belowcaptionskip=\skip48
\bibindent=\dimen138
)
\sa@box=\box50
)
(C:\Users\PJ\AppData\Local\Programs\MiKTeX 2.9\tex/latex/pgfplots\pgfplots.sty
(C:\Users\PJ\AppData\Local\Programs\MiKTeX 2.9\tex/generic/pgfplots\pgfplots.re
vision.tex)
Package: pgfplots 2021/05/15 v1.18.1 Data Visualization (1.18.1)

(C:\Users\PJ\AppData\Local\Programs\MiKTeX 2.9\tex/latex/graphics\graphicx.sty
Package: graphicx 2020/12/05 v1.2c Enhanced LaTeX Graphics (DPC,SPQR)

(C:\Users\PJ\AppData\Local\Programs\MiKTeX 2.9\tex/latex/graphics\graphics.sty
Package: graphics 2021/03/04 v1.4d Standard LaTeX Graphics (DPC,SPQR)

(C:\Users\PJ\AppData\Local\Programs\MiKTeX 2.9\tex/latex/graphics\trig.sty
Package: trig 2016/01/03 v1.10 sin cos tan (DPC)
)
(C:\Users\PJ\AppData\Local\Programs\MiKTeX 2.9\tex/latex/graphics-cfg\graphics.
cfg
File: graphics.cfg 2016/06/04 v1.11 sample graphics configuration
)
Package graphics Info: Driver file: pdftex.def on input line 107.

(C:\Users\PJ\AppData\Local\Programs\MiKTeX 2.9\tex/latex/graphics-def\pdftex.de
f
File: pdftex.def 2020/10/05 v1.2a Graphics/color driver for pdftex
))
\Gin@req@height=\dimen139
\Gin@req@width=\dimen140
)
(C:\Users\PJ\AppData\Local\Programs\MiKTeX 2.9\tex/latex/pgf/frontendlayer\tikz
.sty
(C:\Users\PJ\AppData\Local\Programs\MiKTeX 2.9\tex/latex/pgf/basiclayer\pgf.sty

(C:\Users\PJ\AppData\Local\Programs\MiKTeX 2.9\tex/latex/pgf/utilities\pgfrcs.s
ty
(C:\Users\PJ\AppData\Local\Programs\MiKTeX 2.9\tex/generic/pgf/utilities\pgfuti
l-common.tex
\pgfutil@everybye=\toks18
\pgfutil@tempdima=\dimen141
\pgfutil@tempdimb=\dimen142

(C:\Users\PJ\AppData\Local\Programs\MiKTeX 2.9\tex/generic/pgf/utilities\pgfuti
l-common-lists.tex))
(C:\Users\PJ\AppData\Local\Programs\MiKTeX 2.9\tex/generic/pgf/utilities\pgfuti
l-latex.def
\pgfutil@abb=\box51
)
(C:\Users\PJ\AppData\Local\Programs\MiKTeX 2.9\tex/generic/pgf/utilities\pgfrcs
.code.tex
(C:\Users\PJ\AppData\Local\Programs\MiKTeX 2.9\tex/generic/pgf\pgf.revision.tex
)
Package: pgfrcs 2021/05/15 v3.1.9a (3.1.9a)
))
Package: pgf 2021/05/15 v3.1.9a (3.1.9a)

(C:\Users\PJ\AppData\Local\Programs\MiKTeX 2.9\tex/latex/pgf/basiclayer\pgfcore
.sty
(C:\Users\PJ\AppData\Local\Programs\MiKTeX 2.9\tex/latex/pgf/systemlayer\pgfsys
.sty
(C:\Users\PJ\AppData\Local\Programs\MiKTeX 2.9\tex/generic/pgf/systemlayer\pgfs
ys.code.tex
Package: pgfsys 2021/05/15 v3.1.9a (3.1.9a)

(C:\Users\PJ\AppData\Local\Programs\MiKTeX 2.9\tex/generic/pgf/utilities\pgfkey
s.code.tex
\pgfkeys@pathtoks=\toks19
\pgfkeys@temptoks=\toks20

(C:\Users\PJ\AppData\Local\Programs\MiKTeX 2.9\tex/generic/pgf/utilities\pgfkey
sfiltered.code.tex
\pgfkeys@tmptoks=\toks21
))
\pgf@x=\dimen143
\pgf@y=\dimen144
\pgf@xa=\dimen145
\pgf@ya=\dimen146
\pgf@xb=\dimen147
\pgf@yb=\dimen148
\pgf@xc=\dimen149
\pgf@yc=\dimen150
\pgf@xd=\dimen151
\pgf@yd=\dimen152
\w@pgf@writea=\write3
\r@pgf@reada=\read2
\c@pgf@counta=\count193
\c@pgf@countb=\count194
\c@pgf@countc=\count195
\c@pgf@countd=\count196
\t@pgf@toka=\toks22
\t@pgf@tokb=\toks23
\t@pgf@tokc=\toks24
\pgf@sys@id@count=\count197

(C:\Users\PJ\AppData\Local\Programs\MiKTeX 2.9\tex/generic/pgf/systemlayer\pgf.
cfg
File: pgf.cfg 2021/05/15 v3.1.9a (3.1.9a)
)
Driver file for pgf: pgfsys-pdftex.def

(C:\Users\PJ\AppData\Local\Programs\MiKTeX 2.9\tex/generic/pgf/systemlayer\pgfs
ys-pdftex.def
File: pgfsys-pdftex.def 2021/05/15 v3.1.9a (3.1.9a)

(C:\Users\PJ\AppData\Local\Programs\MiKTeX 2.9\tex/generic/pgf/systemlayer\pgfs
ys-common-pdf.def
File: pgfsys-common-pdf.def 2021/05/15 v3.1.9a (3.1.9a)
)))
(C:\Users\PJ\AppData\Local\Programs\MiKTeX 2.9\tex/generic/pgf/systemlayer\pgfs
yssoftpath.code.tex
File: pgfsyssoftpath.code.tex 2021/05/15 v3.1.9a (3.1.9a)
\pgfsyssoftpath@smallbuffer@items=\count198
\pgfsyssoftpath@bigbuffer@items=\count199
)
(C:\Users\PJ\AppData\Local\Programs\MiKTeX 2.9\tex/generic/pgf/systemlayer\pgfs
ysprotocol.code.tex
File: pgfsysprotocol.code.tex 2021/05/15 v3.1.9a (3.1.9a)
))
(C:\Users\PJ\AppData\Local\Programs\MiKTeX 2.9\tex/latex/xcolor\xcolor.sty
Package: xcolor 2016/05/11 v2.12 LaTeX color extensions (UK)

(C:\Users\PJ\AppData\Local\Programs\MiKTeX 2.9\tex/latex/graphics-cfg\color.cfg
File: color.cfg 2016/01/02 v1.6 sample color configuration
)
Package xcolor Info: Driver file: pdftex.def on input line 225.
Package xcolor Info: Model `cmy' substituted by `cmy0' on input line 1348.
Package xcolor Info: Model `hsb' substituted by `rgb' on input line 1352.
Package xcolor Info: Model `RGB' extended on input line 1364.
Package xcolor Info: Model `HTML' substituted by `rgb' on input line 1366.
Package xcolor Info: Model `Hsb' substituted by `hsb' on input line 1367.
Package xcolor Info: Model `tHsb' substituted by `hsb' on input line 1368.
Package xcolor Info: Model `HSB' substituted by `hsb' on input line 1369.
Package xcolor Info: Model `Gray' substituted by `gray' on input line 1370.
Package xcolor Info: Model `wave' substituted by `hsb' on input line 1371.
)
(C:\Users\PJ\AppData\Local\Programs\MiKTeX 2.9\tex/generic/pgf/basiclayer\pgfco
re.code.tex
Package: pgfcore 2021/05/15 v3.1.9a (3.1.9a)

(C:\Users\PJ\AppData\Local\Programs\MiKTeX 2.9\tex/generic/pgf/math\pgfmath.cod
e.tex
(C:\Users\PJ\AppData\Local\Programs\MiKTeX 2.9\tex/generic/pgf/math\pgfmathcalc
.code.tex
(C:\Users\PJ\AppData\Local\Programs\MiKTeX 2.9\tex/generic/pgf/math\pgfmathutil
.code.tex)
(C:\Users\PJ\AppData\Local\Programs\MiKTeX 2.9\tex/generic/pgf/math\pgfmathpars
er.code.tex
\pgfmath@dimen=\dimen153
\pgfmath@count=\count266
\pgfmath@box=\box52
\pgfmath@toks=\toks25
\pgfmath@stack@operand=\toks26
\pgfmath@stack@operation=\toks27
)
(C:\Users\PJ\AppData\Local\Programs\MiKTeX 2.9\tex/generic/pgf/math\pgfmathfunc
tions.code.tex
(C:\Users\PJ\AppData\Local\Programs\MiKTeX 2.9\tex/generic/pgf/math\pgfmathfunc
tions.basic.code.tex)
(C:\Users\PJ\AppData\Local\Programs\MiKTeX 2.9\tex/generic/pgf/math\pgfmathfunc
tions.trigonometric.code.tex)
(C:\Users\PJ\AppData\Local\Programs\MiKTeX 2.9\tex/generic/pgf/math\pgfmathfunc
tions.random.code.tex)
(C:\Users\PJ\AppData\Local\Programs\MiKTeX 2.9\tex/generic/pgf/math\pgfmathfunc
tions.comparison.code.tex)
(C:\Users\PJ\AppData\Local\Programs\MiKTeX 2.9\tex/generic/pgf/math\pgfmathfunc
tions.base.code.tex)
(C:\Users\PJ\AppData\Local\Programs\MiKTeX 2.9\tex/generic/pgf/math\pgfmathfunc
tions.round.code.tex)
(C:\Users\PJ\AppData\Local\Programs\MiKTeX 2.9\tex/generic/pgf/math\pgfmathfunc
tions.misc.code.tex)
(C:\Users\PJ\AppData\Local\Programs\MiKTeX 2.9\tex/generic/pgf/math\pgfmathfunc
tions.integerarithmetics.code.tex)))
(C:\Users\PJ\AppData\Local\Programs\MiKTeX 2.9\tex/generic/pgf/math\pgfmathfloa
t.code.tex
\c@pgfmathroundto@lastzeros=\count267
))
(C:\Users\PJ\AppData\Local\Programs\MiKTeX 2.9\tex/generic/pgf/math\pgfint.code
.tex)
(C:\Users\PJ\AppData\Local\Programs\MiKTeX 2.9\tex/generic/pgf/basiclayer\pgfco
repoints.code.tex
File: pgfcorepoints.code.tex 2021/05/15 v3.1.9a (3.1.9a)
\pgf@picminx=\dimen154
\pgf@picmaxx=\dimen155
\pgf@picminy=\dimen156
\pgf@picmaxy=\dimen157
\pgf@pathminx=\dimen158
\pgf@pathmaxx=\dimen159
\pgf@pathminy=\dimen160
\pgf@pathmaxy=\dimen161
\pgf@xx=\dimen162
\pgf@xy=\dimen163
\pgf@yx=\dimen164
\pgf@yy=\dimen165
\pgf@zx=\dimen166
\pgf@zy=\dimen167
)
(C:\Users\PJ\AppData\Local\Programs\MiKTeX 2.9\tex/generic/pgf/basiclayer\pgfco
repathconstruct.code.tex
File: pgfcorepathconstruct.code.tex 2021/05/15 v3.1.9a (3.1.9a)
\pgf@path@lastx=\dimen168
\pgf@path@lasty=\dimen169
)
(C:\Users\PJ\AppData\Local\Programs\MiKTeX 2.9\tex/generic/pgf/basiclayer\pgfco
repathusage.code.tex
File: pgfcorepathusage.code.tex 2021/05/15 v3.1.9a (3.1.9a)
\pgf@shorten@end@additional=\dimen170
\pgf@shorten@start@additional=\dimen171
)
(C:\Users\PJ\AppData\Local\Programs\MiKTeX 2.9\tex/generic/pgf/basiclayer\pgfco
rescopes.code.tex
File: pgfcorescopes.code.tex 2021/05/15 v3.1.9a (3.1.9a)
\pgfpic=\box53
\pgf@hbox=\box54
\pgf@layerbox@main=\box55
\pgf@picture@serial@count=\count268
)
(C:\Users\PJ\AppData\Local\Programs\MiKTeX 2.9\tex/generic/pgf/basiclayer\pgfco
regraphicstate.code.tex
File: pgfcoregraphicstate.code.tex 2021/05/15 v3.1.9a (3.1.9a)
\pgflinewidth=\dimen172
)
(C:\Users\PJ\AppData\Local\Programs\MiKTeX 2.9\tex/generic/pgf/basiclayer\pgfco
retransformations.code.tex
File: pgfcoretransformations.code.tex 2021/05/15 v3.1.9a (3.1.9a)
\pgf@pt@x=\dimen173
\pgf@pt@y=\dimen174
\pgf@pt@temp=\dimen175
)
(C:\Users\PJ\AppData\Local\Programs\MiKTeX 2.9\tex/generic/pgf/basiclayer\pgfco
requick.code.tex
File: pgfcorequick.code.tex 2021/05/15 v3.1.9a (3.1.9a)
)
(C:\Users\PJ\AppData\Local\Programs\MiKTeX 2.9\tex/generic/pgf/basiclayer\pgfco
reobjects.code.tex
File: pgfcoreobjects.code.tex 2021/05/15 v3.1.9a (3.1.9a)
)
(C:\Users\PJ\AppData\Local\Programs\MiKTeX 2.9\tex/generic/pgf/basiclayer\pgfco
repathprocessing.code.tex
File: pgfcorepathprocessing.code.tex 2021/05/15 v3.1.9a (3.1.9a)
)
(C:\Users\PJ\AppData\Local\Programs\MiKTeX 2.9\tex/generic/pgf/basiclayer\pgfco
rearrows.code.tex
File: pgfcorearrows.code.tex 2021/05/15 v3.1.9a (3.1.9a)
\pgfarrowsep=\dimen176
)
(C:\Users\PJ\AppData\Local\Programs\MiKTeX 2.9\tex/generic/pgf/basiclayer\pgfco
reshade.code.tex
File: pgfcoreshade.code.tex 2021/05/15 v3.1.9a (3.1.9a)
\pgf@max=\dimen177
\pgf@sys@shading@range@num=\count269
\pgf@shadingcount=\count270
)
(C:\Users\PJ\AppData\Local\Programs\MiKTeX 2.9\tex/generic/pgf/basiclayer\pgfco
reimage.code.tex
File: pgfcoreimage.code.tex 2021/05/15 v3.1.9a (3.1.9a)

(C:\Users\PJ\AppData\Local\Programs\MiKTeX 2.9\tex/generic/pgf/basiclayer\pgfco
reexternal.code.tex
File: pgfcoreexternal.code.tex 2021/05/15 v3.1.9a (3.1.9a)
\pgfexternal@startupbox=\box56
))
(C:\Users\PJ\AppData\Local\Programs\MiKTeX 2.9\tex/generic/pgf/basiclayer\pgfco
relayers.code.tex
File: pgfcorelayers.code.tex 2021/05/15 v3.1.9a (3.1.9a)
)
(C:\Users\PJ\AppData\Local\Programs\MiKTeX 2.9\tex/generic/pgf/basiclayer\pgfco
retransparency.code.tex
File: pgfcoretransparency.code.tex 2021/05/15 v3.1.9a (3.1.9a)
)
(C:\Users\PJ\AppData\Local\Programs\MiKTeX 2.9\tex/generic/pgf/basiclayer\pgfco
repatterns.code.tex
File: pgfcorepatterns.code.tex 2021/05/15 v3.1.9a (3.1.9a)
)
(C:\Users\PJ\AppData\Local\Programs\MiKTeX 2.9\tex/generic/pgf/basiclayer\pgfco
rerdf.code.tex
File: pgfcorerdf.code.tex 2021/05/15 v3.1.9a (3.1.9a)
)))
(C:\Users\PJ\AppData\Local\Programs\MiKTeX 2.9\tex/generic/pgf/modules\pgfmodul
eshapes.code.tex
File: pgfmoduleshapes.code.tex 2021/05/15 v3.1.9a (3.1.9a)
\pgfnodeparttextbox=\box57
)
(C:\Users\PJ\AppData\Local\Programs\MiKTeX 2.9\tex/generic/pgf/modules\pgfmodul
eplot.code.tex
File: pgfmoduleplot.code.tex 2021/05/15 v3.1.9a (3.1.9a)
)
(C:\Users\PJ\AppData\Local\Programs\MiKTeX 2.9\tex/latex/pgf/compatibility\pgfc
omp-version-0-65.sty
Package: pgfcomp-version-0-65 2021/05/15 v3.1.9a (3.1.9a)
\pgf@nodesepstart=\dimen178
\pgf@nodesepend=\dimen179
)
(C:\Users\PJ\AppData\Local\Programs\MiKTeX 2.9\tex/latex/pgf/compatibility\pgfc
omp-version-1-18.sty
Package: pgfcomp-version-1-18 2021/05/15 v3.1.9a (3.1.9a)
))
(C:\Users\PJ\AppData\Local\Programs\MiKTeX 2.9\tex/latex/pgf/utilities\pgffor.s
ty
(C:\Users\PJ\AppData\Local\Programs\MiKTeX 2.9\tex/latex/pgf/utilities\pgfkeys.
sty
(C:\Users\PJ\AppData\Local\Programs\MiKTeX 2.9\tex/generic/pgf/utilities\pgfkey
s.code.tex))
(C:\Users\PJ\AppData\Local\Programs\MiKTeX 2.9\tex/latex/pgf/math\pgfmath.sty
(C:\Users\PJ\AppData\Local\Programs\MiKTeX 2.9\tex/generic/pgf/math\pgfmath.cod
e.tex))
(C:\Users\PJ\AppData\Local\Programs\MiKTeX 2.9\tex/generic/pgf/utilities\pgffor
.code.tex
Package: pgffor 2021/05/15 v3.1.9a (3.1.9a)

(C:\Users\PJ\AppData\Local\Programs\MiKTeX 2.9\tex/generic/pgf/math\pgfmath.cod
e.tex)
\pgffor@iter=\dimen180
\pgffor@skip=\dimen181
\pgffor@stack=\toks28
\pgffor@toks=\toks29
))
(C:\Users\PJ\AppData\Local\Programs\MiKTeX 2.9\tex/generic/pgf/frontendlayer/ti
kz\tikz.code.tex
Package: tikz 2021/05/15 v3.1.9a (3.1.9a)

(C:\Users\PJ\AppData\Local\Programs\MiKTeX 2.9\tex/generic/pgf/libraries\pgflib
raryplothandlers.code.tex
File: pgflibraryplothandlers.code.tex 2021/05/15 v3.1.9a (3.1.9a)
\pgf@plot@mark@count=\count271
\pgfplotmarksize=\dimen182
)
\tikz@lastx=\dimen183
\tikz@lasty=\dimen184
\tikz@lastxsaved=\dimen185
\tikz@lastysaved=\dimen186
\tikz@lastmovetox=\dimen187
\tikz@lastmovetoy=\dimen188
\tikzleveldistance=\dimen189
\tikzsiblingdistance=\dimen190
\tikz@figbox=\box58
\tikz@figbox@bg=\box59
\tikz@tempbox=\box60
\tikz@tempbox@bg=\box61
\tikztreelevel=\count272
\tikznumberofchildren=\count273
\tikznumberofcurrentchild=\count274
\tikz@fig@count=\count275

(C:\Users\PJ\AppData\Local\Programs\MiKTeX 2.9\tex/generic/pgf/modules\pgfmodul
ematrix.code.tex
File: pgfmodulematrix.code.tex 2021/05/15 v3.1.9a (3.1.9a)
\pgfmatrixcurrentrow=\count276
\pgfmatrixcurrentcolumn=\count277
\pgf@matrix@numberofcolumns=\count278
)
\tikz@expandcount=\count279

(C:\Users\PJ\AppData\Local\Programs\MiKTeX 2.9\tex/generic/pgf/frontendlayer/ti
kz/libraries\tikzlibrarytopaths.code.tex
File: tikzlibrarytopaths.code.tex 2021/05/15 v3.1.9a (3.1.9a)
)))
(C:\Users\PJ\AppData\Local\Programs\MiKTeX 2.9\tex/generic/pgfplots\pgfplots.co
de.tex
(C:\Users\PJ\AppData\Local\Programs\MiKTeX 2.9\tex/generic/pgfplots\pgfplotscor
e.code.tex
\t@pgfplots@toka=\toks30
\t@pgfplots@tokb=\toks31
\t@pgfplots@tokc=\toks32
\pgfplots@tmpa=\dimen191
\c@pgfplots@coordindex=\count280
\c@pgfplots@scanlineindex=\count281

(C:\Users\PJ\AppData\Local\Programs\MiKTeX 2.9\tex/generic/pgfplots/sys\pgfplot
ssysgeneric.code.tex))
(C:\Users\PJ\AppData\Local\Programs\MiKTeX 2.9\tex/generic/pgfplots/libs\pgfplo
tslibrary.code.tex)
(C:\Users\PJ\AppData\Local\Programs\MiKTeX 2.9\tex/generic/pgfplots/oldpgfcompa
tib\pgfplotsoldpgfsupp_loader.code.tex
(C:\Users\PJ\AppData\Local\Programs\MiKTeX 2.9\tex/generic/pgf/libraries\pgflib
raryfpu.code.tex))
(C:\Users\PJ\AppData\Local\Programs\MiKTeX 2.9\tex/generic/pgfplots/util\pgfplo
tsutil.code.tex
(C:\Users\PJ\AppData\Local\Programs\MiKTeX 2.9\tex/generic/pgfplots/liststructu
re\pgfplotsliststructure.code.tex)
(C:\Users\PJ\AppData\Local\Programs\MiKTeX 2.9\tex/generic/pgfplots/liststructu
re\pgfplotsliststructureext.code.tex)
(C:\Users\PJ\AppData\Local\Programs\MiKTeX 2.9\tex/generic/pgfplots/liststructu
re\pgfplotsarray.code.tex
\c@pgfplotsarray@tmp=\count282
)
(C:\Users\PJ\AppData\Local\Programs\MiKTeX 2.9\tex/generic/pgfplots/liststructu
re\pgfplotsmatrix.code.tex)
(C:\Users\PJ\AppData\Local\Programs\MiKTeX 2.9\tex/generic/pgfplots/numtable\pg
fplotstableshared.code.tex
\c@pgfplotstable@counta=\count283
\t@pgfplotstable@a=\toks33
)
(C:\Users\PJ\AppData\Local\Programs\MiKTeX 2.9\tex/generic/pgfplots/liststructu
re\pgfplotsdeque.code.tex)
(C:\Users\PJ\AppData\Local\Programs\MiKTeX 2.9\tex/generic/pgfplots/util\pgfplo
tsbinary.code.tex
(C:\Users\PJ\AppData\Local\Programs\MiKTeX 2.9\tex/generic/pgfplots/util\pgfplo
tsbinary.data.code.tex))
(C:\Users\PJ\AppData\Local\Programs\MiKTeX 2.9\tex/generic/pgfplots/util\pgfplo
tsutil.verb.code.tex)
(C:\Users\PJ\AppData\Local\Programs\MiKTeX 2.9\tex/generic/pgfplots/libs\pgflib
rarypgfplots.surfshading.code.tex
\c@pgfplotslibrarysurf@no=\count284

(C:\Users\PJ\AppData\Local\Programs\MiKTeX 2.9\tex/generic/pgfplots/sys\pgflibr
arypgfplots.surfshading.pgfsys-pdftex.def)))
(C:\Users\PJ\AppData\Local\Programs\MiKTeX 2.9\tex/generic/pgfplots/util\pgfplo
tscolormap.code.tex
(C:\Users\PJ\AppData\Local\Programs\MiKTeX 2.9\tex/generic/pgfplots/util\pgfplo
tscolor.code.tex))
(C:\Users\PJ\AppData\Local\Programs\MiKTeX 2.9\tex/generic/pgfplots\pgfplotssta
ckedplots.code.tex)
(C:\Users\PJ\AppData\Local\Programs\MiKTeX 2.9\tex/generic/pgfplots\pgfplotsplo
thandlers.code.tex
(C:\Users\PJ\AppData\Local\Programs\MiKTeX 2.9\tex/generic/pgfplots\pgfplotsmes
hplothandler.code.tex
(C:\Users\PJ\AppData\Local\Programs\MiKTeX 2.9\tex/generic/pgfplots\pgfplotsmes
hplotimage.code.tex)))
(C:\Users\PJ\AppData\Local\Programs\MiKTeX 2.9\tex/generic/pgfplots\pgfplots.sc
aling.code.tex)
(C:\Users\PJ\AppData\Local\Programs\MiKTeX 2.9\tex/generic/pgfplots\pgfplotscoo
rdprocessing.code.tex)
(C:\Users\PJ\AppData\Local\Programs\MiKTeX 2.9\tex/generic/pgfplots\pgfplots.er
rorbars.code.tex)
(C:\Users\PJ\AppData\Local\Programs\MiKTeX 2.9\tex/generic/pgfplots\pgfplots.ma
rkers.code.tex)
(C:\Users\PJ\AppData\Local\Programs\MiKTeX 2.9\tex/generic/pgfplots\pgfplotstic
ks.code.tex)
(C:\Users\PJ\AppData\Local\Programs\MiKTeX 2.9\tex/generic/pgfplots\pgfplots.pa
ths.code.tex)
(C:\Users\PJ\AppData\Local\Programs\MiKTeX 2.9\tex/generic/pgf/frontendlayer/ti
kz/libraries\tikzlibrarydecorations.code.tex
(C:\Users\PJ\AppData\Local\Programs\MiKTeX 2.9\tex/generic/pgf/modules\pgfmodul
edecorations.code.tex
\pgfdecoratedcompleteddistance=\dimen192
\pgfdecoratedremainingdistance=\dimen193
\pgfdecoratedinputsegmentcompleteddistance=\dimen194
\pgfdecoratedinputsegmentremainingdistance=\dimen195
\pgf@decorate@distancetomove=\dimen196
\pgf@decorate@repeatstate=\count285
\pgfdecorationsegmentamplitude=\dimen197
\pgfdecorationsegmentlength=\dimen198
)
\tikz@lib@dec@box=\box62
)
(C:\Users\PJ\AppData\Local\Programs\MiKTeX 2.9\tex/generic/pgf/frontendlayer/ti
kz/libraries\tikzlibrarydecorations.pathmorphing.code.tex
(C:\Users\PJ\AppData\Local\Programs\MiKTeX 2.9\tex/generic/pgf/libraries/decora
tions\pgflibrarydecorations.pathmorphing.code.tex))
(C:\Users\PJ\AppData\Local\Programs\MiKTeX 2.9\tex/generic/pgf/frontendlayer/ti
kz/libraries\tikzlibrarydecorations.pathreplacing.code.tex
(C:\Users\PJ\AppData\Local\Programs\MiKTeX 2.9\tex/generic/pgf/libraries/decora
tions\pgflibrarydecorations.pathreplacing.code.tex))
(C:\Users\PJ\AppData\Local\Programs\MiKTeX 2.9\tex/generic/pgfplots/libs\tikzli
brarypgfplots.contourlua.code.tex)
\pgfplots@numplots=\count286
\pgfplots@xmin@reg=\dimen199
\pgfplots@xmax@reg=\dimen256
\pgfplots@ymin@reg=\dimen257
\pgfplots@ymax@reg=\dimen258
\pgfplots@zmin@reg=\dimen259
\pgfplots@zmax@reg=\dimen260
)
(C:\Users\PJ\AppData\Local\Programs\MiKTeX 2.9\tex/generic/pgf/frontendlayer/ti
kz/libraries\tikzlibraryplotmarks.code.tex
File: tikzlibraryplotmarks.code.tex 2021/05/15 v3.1.9a (3.1.9a)

(C:\Users\PJ\AppData\Local\Programs\MiKTeX 2.9\tex/generic/pgf/libraries\pgflib
raryplotmarks.code.tex
File: pgflibraryplotmarks.code.tex 2021/05/15 v3.1.9a (3.1.9a)
)))
(C:\Users\PJ\AppData\Local\Programs\MiKTeX 2.9\tex/generic/pgf/frontendlayer/ti
kz/libraries\tikzlibraryshapes.geometric.code.tex
File: tikzlibraryshapes.geometric.code.tex 2021/05/15 v3.1.9a (3.1.9a)

(C:\Users\PJ\AppData\Local\Programs\MiKTeX 2.9\tex/generic/pgf/libraries/shapes
\pgflibraryshapes.geometric.code.tex
File: pgflibraryshapes.geometric.code.tex 2021/05/15 v3.1.9a (3.1.9a)
))
(C:\Users\PJ\AppData\Local\Programs\MiKTeX 2.9\tex/generic/pgf/frontendlayer/ti
kz/libraries\tikzlibraryarrows.code.tex
File: tikzlibraryarrows.code.tex 2021/05/15 v3.1.9a (3.1.9a)

(C:\Users\PJ\AppData\Local\Programs\MiKTeX 2.9\tex/generic/pgf/libraries\pgflib
raryarrows.code.tex
File: pgflibraryarrows.code.tex 2021/05/15 v3.1.9a (3.1.9a)
\arrowsize=\dimen261
))
(C:\Users\PJ\AppData\Local\Programs\MiKTeX 2.9\tex/generic/pgf/frontendlayer/ti
kz/libraries\tikzlibrarypositioning.code.tex
File: tikzlibrarypositioning.code.tex 2021/05/15 v3.1.9a (3.1.9a)
)
(C:\Users\PJ\AppData\Local\Programs\MiKTeX 2.9\tex/generic/pgf/frontendlayer/ti
kz/libraries\tikzlibraryangles.code.tex
File: tikzlibraryangles.code.tex 2021/05/15 v3.1.9a (3.1.9a)
)
(C:\Users\PJ\AppData\Local\Programs\MiKTeX 2.9\tex/generic/pgf/frontendlayer/ti
kz/libraries\tikzlibraryquotes.code.tex
File: tikzlibraryquotes.code.tex 2021/05/15 v3.1.9a (3.1.9a)
)
(C:\Users\PJ\AppData\Local\Programs\MiKTeX 2.9\tex/generic/pgf/frontendlayer/ti
kz/libraries\tikzlibrarypatterns.code.tex
File: tikzlibrarypatterns.code.tex 2021/05/15 v3.1.9a (3.1.9a)

(C:\Users\PJ\AppData\Local\Programs\MiKTeX 2.9\tex/generic/pgf/libraries\pgflib
rarypatterns.code.tex
File: pgflibrarypatterns.code.tex 2021/05/15 v3.1.9a (3.1.9a)
))
(C:\Users\PJ\AppData\Local\Programs\MiKTeX 2.9\tex/generic/pgf/frontendlayer/ti
kz/libraries\tikzlibraryfit.code.tex
File: tikzlibraryfit.code.tex 2021/05/15 v3.1.9a (3.1.9a)
)
(C:\Users\PJ\AppData\Local\Programs\MiKTeX 2.9\tex/generic/pgf/frontendlayer/ti
kz/libraries\tikzlibrarycalc.code.tex
File: tikzlibrarycalc.code.tex 2021/05/15 v3.1.9a (3.1.9a)
)
(C:\Users\PJ\AppData\Local\Programs\MiKTeX 2.9\tex/generic/pgf/frontendlayer/ti
kz/libraries\tikzlibrarysnakes.code.tex
File: tikzlibrarysnakes.code.tex 2021/05/15 v3.1.9a (3.1.9a)


Package pgf Warning: Snakes have been superseded by decorations. Please use the
 decoration libraries instead of the snakes library on input line 14.


(C:\Users\PJ\AppData\Local\Programs\MiKTeX 2.9\tex/generic/pgf/frontendlayer/ti
kz/libraries\tikzlibrarydecorations.shapes.code.tex
(C:\Users\PJ\AppData\Local\Programs\MiKTeX 2.9\tex/generic/pgf/libraries/decora
tions\pgflibrarydecorations.shapes.code.tex))))
(C:\Users\PJ\AppData\Local\Programs\MiKTeX 2.9\tex/latex/l3backend\l3backend-pd
ftex.def
File: l3backend-pdftex.def 2021-10-12 L3 backend support: PDF output (pdfTeX)
\l__color_backend_stack_int=\count287
\l__pdf_internal_box=\box63
) (fig3b_induced_flow.aux)
\openout1 = `fig3b_induced_flow.aux'.

LaTeX Font Info:    Checking defaults for OML/cmm/m/it on input line 3.
LaTeX Font Info:    ... okay on input line 3.
LaTeX Font Info:    Checking defaults for OMS/cmsy/m/n on input line 3.
LaTeX Font Info:    ... okay on input line 3.
LaTeX Font Info:    Checking defaults for OT1/cmr/m/n on input line 3.
LaTeX Font Info:    ... okay on input line 3.
LaTeX Font Info:    Checking defaults for T1/cmr/m/n on input line 3.
LaTeX Font Info:    ... okay on input line 3.
LaTeX Font Info:    Checking defaults for TS1/cmr/m/n on input line 3.
LaTeX Font Info:    ... okay on input line 3.
LaTeX Font Info:    Checking defaults for OMX/cmex/m/n on input line 3.
LaTeX Font Info:    ... okay on input line 3.
LaTeX Font Info:    Checking defaults for U/cmr/m/n on input line 3.
LaTeX Font Info:    ... okay on input line 3.

(C:\Users\PJ\AppData\Local\Programs\MiKTeX 2.9\tex/context/base/mkii\supp-pdf.m
kii
[Loading MPS to PDF converter (version 2006.09.02).]
\scratchcounter=\count288
\scratchdimen=\dimen262
\scratchbox=\box64
\nofMPsegments=\count289
\nofMParguments=\count290
\everyMPshowfont=\toks34
\MPscratchCnt=\count291
\MPscratchDim=\dimen263
\MPnumerator=\count292
\makeMPintoPDFobject=\count293
\everyMPtoPDFconversion=\toks35
)
(C:\Users\PJ\AppData\Local\Programs\MiKTeX 2.9\tex/latex/epstopdf-pkg\epstopdf-
base.sty
Package: epstopdf-base 2020-01-24 v2.11 Base part for package epstopdf
Package epstopdf-base Info: Redefining graphics rule for `.eps' on input line 4
85.

(C:\Users\PJ\AppData\Local\Programs\MiKTeX 2.9\tex/latex/00miktex\epstopdf-sys.
cfg
File: epstopdf-sys.cfg 2021/03/18 v2.0 Configuration of epstopdf for MiKTeX
))
Package pgfplots notification 'compat/show suggested version=true': document ha
s been generated with the most recent feature set (\pgfplotsset{compat=1.18}).

LaTeX Font Info:    External font `cmex10' loaded for size
(Font)              <5> on input line 20.
[1

{C:/Users/PJ/AppData/Local/MiKTeX/2.9/pdftex/config/pdftex.map}]
(fig3b_induced_flow.aux) ) 
Here is how much of TeX's memory you used:
 23729 strings out of 478893
 637816 string characters out of 2850472
 1016975 words of memory out of 3000000
 41232 multiletter control sequences out of 15000+600000
 403430 words of font info for 27 fonts, out of 8000000 for 9000
 1141 hyphenation exceptions out of 8191
 104i,7n,106p,765b,664s stack positions out of 5000i,500n,10000p,200000b,80000s
<C:/Users/PJ/AppData/Local/Programs/MiKTeX 2.9/fonts/
type1/public/amsfonts/cm/cmmi5.pfb><C:/Users/PJ/AppData/Local/Programs/MiKTeX 2
.9/fonts/type1/public/amsfonts/cm/cmr5.pfb>
Output written on fig3b_induced_flow.pdf (1 page, 21473 bytes).
PDF statistics:
 19 PDF objects out of 1000 (max. 8388607)
 0 named destinations out of 1000 (max. 500000)
 13 words of extra memory for PDF output out of 10000 (max. 10000000)

